[13:03:15] [INIT] KubeJS 1902.6.2-build.45; MC 1902 forge
[13:03:15] [INIT] Loaded plugins:
[13:03:15] [INIT] - dev.latvian.mods.kubejs.forge.BuiltinKubeJSForgePlugin
[13:03:15] [INIT] - dev.ftb.mods.ftbxmodcompat.ftbquests.kubejs.KubeJSIntegration
[13:03:15] [INIT] - dev.ftb.mods.ftbxmodcompat.ftbchunks.kubejs.FTBChunksKubeJSPlugin
[13:03:15] [INIT] - dev.ftb.mods.ftbxmodcompat.ftbteams.kubejs.FTBTeamsKubeJSPlugin
[13:03:15] [INIT] - dev.ftb.mods.ftbic.kubejs.FTBICKubeJSPlugin
[13:03:15] [INIT] - com.almostreliable.ponderjs.PonderJSPlugin
[13:03:15] [INIT] - com.klikli_dev.modonomicon.integration.kubejs.ModonomiconKubeJSPlugin
[13:03:16] [INFO] tool_tiers.js#1: Loaded Java class 'net.minecraftforge.common.TierSortingRegistry'
[13:03:16] [INFO] tool_tiers.js#2: Loaded Java class 'net.minecraft.world.item.Tiers'
[13:03:16] [INFO] tool_tiers.js#5: Loaded Java class 'vazkii.botania.api.BotaniaAPI'
[13:03:16] [INFO] tool_tiers.js#6: Loaded Java class 'de.melanx.aiotbotania.items.ItemTiers'
[13:03:16] [INFO] tool_tiers.js#8: Loaded Java class 'appeng.items.tools.fluix.FluixToolType'
[13:03:16] [INFO] tool_tiers.js#9: Loaded Java class 'appeng.items.tools.quartz.QuartzToolType'
[13:03:16] [INFO] tool_tiers.js#11: Loaded Java class 'com.legacy.blue_skies.items.util.SkiesItemTier'
[13:03:16] [INFO] tool_tiers.js#13: Loaded Java class 'com.blakebr0.mysticalagriculture.lib.ModItemTier'
[13:03:16] [INFO] tool_tiers.js#15: Loaded Java class 'de.ellpeck.naturesaura.reg.ModItemTier'
[13:03:16] [INFO] tool_tiers.js#17: Loaded Java class 'com.klikli_dev.occultism.api.common.misc.OccultismItemTier'
[13:03:16] [INFO] tool_tiers.js#19: Loaded Java class 'me.codexadrian.spirit.items.SoulMetalMaterial'
[13:03:16] [INFO] tool_tiers.js#21: Loaded Java class 'blusunrize.immersiveengineering.api.Lib'
[13:03:16] [INFO] tool_tiers.js#23: Loaded Java class 'com.teammetallurgy.aquaculture.api.AquacultureAPI'
[13:03:16] [INFO] tool_tiers.js#27: Loaded Java class 'potionstudios.byg.common.item.BYGTier'
[13:03:16] [INFO] tool_tiers.js#29: Loaded Java class 'cofh.redstonearsenal.init.RSAItems'
[13:03:16] [INFO] Loaded script startup_scripts:tool_tiers.js in 0.238 s
[13:03:16] [INFO] Loaded script startup_scripts:custom_additions.js in 0.002 s
[13:03:16] [INFO] Loaded script startup_scripts:worldgen.js in 0.029 s
[13:03:16] [INFO] Loaded script startup_scripts:settings.js in 0.007 s
[13:03:16] [INFO] farmingForBlockheads.js#7: Loaded Java class 'net.blay09.mods.farmingforblockheads.api.FarmingForBlockheadsAPI'
[13:03:16] [INFO] Loaded script startup_scripts:farmingForBlockheads.js in 0.015 s
[13:03:16] [INFO] mekanismStartup.js#18: Loaded Java class 'mekanism.api.chemical.slurry.Slurry'
[13:03:16] [INFO] mekanismStartup.js#19: Loaded Java class 'mekanism.api.chemical.slurry.SlurryBuilder'
[13:03:16] [INFO] Loaded script startup_scripts:mekanismStartup.js in 0.012 s
[13:03:16] [INFO] mysticalagriculture.js#1: Loaded Java class 'com.blakebr0.mysticalagriculture.api.MysticalAgricultureAPI'
[13:03:16] [INFO] Loaded script startup_scripts:mysticalagriculture.js in 0.003 s
[13:03:16] [INFO] Loaded script startup_scripts:botanyPots.js in 0.0 s
[13:03:16] [INFO] Loaded script startup_scripts:observeMekanism.js in 0.0 s
[13:03:16] [INFO] Loaded 9/9 KubeJS startup scripts in 0.976 s
